<?xml version="1.0" encoding="UTF-8"?>
<!-- Generated by org.testng.reporters.JUnitXMLReporter -->
<testsuite hostname="Sandeep-PC" ignored="0" name="Default test" tests="3" failures="0" timestamp="03 Sep 2017 01:02:24 GMT" time="9.358" errors="0">
  <testcase name="launchBrowser" time="7.814" classname="automate.Batch1"/>
  <testcase name="getTitle" time="0.015" classname="automate.Batch1"/>
  <testcase name="terminateBrowser" time="1.496" classname="automate.Batch1"/>
</testsuite> <!-- Default test -->
