<?xml version="1.0" encoding="UTF-8"?>
<testng-results skipped="0" failed="0" total="3" passed="3">
  <reporter-output>
  </reporter-output>
  <suite name="Sample suite" duration-ms="31346" started-at="2019-02-21T09:50:03Z" finished-at="2019-02-21T09:50:34Z">
    <groups>
    </groups>
    <test name="Sample Test" duration-ms="31346" started-at="2019-02-21T09:50:03Z" finished-at="2019-02-21T09:50:34Z">
      <class name="automate.Batch1">
        <test-method status="PASS" signature="launchBrowser()" name="launchBrowser" duration-ms="25911" started-at="2019-02-21T09:50:03Z" finished-at="2019-02-21T09:50:29Z">
        </test-method>
        <test-method status="PASS" signature="getTitle()" name="getTitle" duration-ms="16" started-at="2019-02-21T09:50:29Z" finished-at="2019-02-21T09:50:29Z">
        </test-method>
        <test-method status="PASS" signature="terminateBrowser()" name="terminateBrowser" duration-ms="5367" started-at="2019-02-21T09:50:29Z" finished-at="2019-02-21T09:50:34Z">
        </test-method>
      </class>
    </test>
  </suite>
</testng-results>
